<?xml version="1.0" encoding="utf-8"?><testsuites name="pytest tests"><testsuite name="pytest" errors="0" failures="0" skipped="0" tests="22" time="24.947" timestamp="2026-02-10T00:09:20.822154+00:00" hostname="agent-env-69489663-b2bc-43ba-81b5-dd2b18cf4f3d"><testcase classname="backend.tests.test_business_details.TestBusinessDetailsAPI" name="test_update_business_details_all_required_fields" time="1.165" /><testcase classname="backend.tests.test_business_details.TestBusinessDetailsAPI" name="test_update_business_details_with_optional_fields" time="1.056" /><testcase classname="backend.tests.test_business_details.TestBusinessDetailsAPI" name="test_update_business_details_missing_required_fields" time="1.472" /><testcase classname="backend.tests.test_business_details.TestBusinessDetailsAPI" name="test_business_details_persist_via_get_profile" time="1.386" /><testcase classname="backend.tests.test_business_details.TestBusinessDetailsAPI" name="test_business_details_without_auth" time="0.958" /><testcase classname="backend.tests.test_business_details.TestBusinessDetailsAPI" name="test_checkout_after_business_details" time="2.351" /><testcase classname="backend.tests.test_business_details.TestIndustryOptions" name="test_valid_industry_options[retail]" time="1.402" /><testcase classname="backend.tests.test_business_details.TestIndustryOptions" name="test_valid_industry_options[hospitality]" time="1.053" /><testcase classname="backend.tests.test_business_details.TestIndustryOptions" name="test_valid_industry_options[construction]" time="1.169" /><testcase classname="backend.tests.test_business_details.TestIndustryOptions" name="test_valid_industry_options[healthcare]" time="1.169" /><testcase classname="backend.tests.test_business_details.TestIndustryOptions" name="test_valid_industry_options[professional]" time="1.032" /><testcase classname="backend.tests.test_business_details.TestIndustryOptions" name="test_valid_industry_options[technology]" time="1.035" /><testcase classname="backend.tests.test_business_details.TestIndustryOptions" name="test_valid_industry_options[ndis]" time="1.730" /><testcase classname="backend.tests.test_business_details.TestIndustryOptions" name="test_valid_industry_options[manufacturing]" time="1.060" /><testcase classname="backend.tests.test_business_details.TestIndustryOptions" name="test_valid_industry_options[transport]" time="1.153" /><testcase classname="backend.tests.test_business_details.TestIndustryOptions" name="test_valid_industry_options[real_estate]" time="1.511" /><testcase classname="backend.tests.test_business_details.TestIndustryOptions" name="test_valid_industry_options[education]" time="1.379" /><testcase classname="backend.tests.test_business_details.TestIndustryOptions" name="test_valid_industry_options[other]" time="1.054" /><testcase classname="backend.tests.test_business_details.TestPackagesAPI" name="test_get_combined_packages" time="0.450" /><testcase classname="backend.tests.test_business_details.TestPackagesAPI" name="test_get_accounting_packages" time="0.461" /><testcase classname="backend.tests.test_business_details.TestPackagesAPI" name="test_get_marketing_packages" time="0.361" /><testcase classname="backend.tests.test_business_details.TestPackagesAPI" name="test_get_addons" time="0.463" /></testsuite></testsuites>